%!Adobe-FontList 1.18
%Locale:0x409

%BeginFont
Handler:DirectoryHandler
FontType:Type1
FontName:GothamNarrow-Black
FamilyName:Gotham Narrow
StyleName:Black
MenuName:Gotham Narrow Black
StyleBits:0
WeightClass:450
WidthClass:3
AngleClass:0
FullName:Gotham Narrow Black
WritingScript:Roman
OutlineFileName:\GothamNarrow-Black.otf
DataFormat:sfntData
UsesStandardEncoding:yes
isCFF:yes
hasSVG:no
FileLength:157052
FileModTime:1221217426
NameArray:0,Mac,4,Gotham Narrow Black
NameArray:0,Win,1,Gotham Narrow Black
NameArray:0,Win,16,Gotham Narrow
%EndFont

%BeginFont
Handler:DirectoryHandler
FontType:Type1
FontName:GothamNarrow-Bold
FamilyName:Gotham Narrow
StyleName:Bold
MenuName:Gotham Narrow Bold
StyleBits:0
WeightClass:400
WidthClass:3
AngleClass:0
FullName:Gotham Narrow Bold
WritingScript:Roman
OutlineFileName:\GothamNarrow-Bold.otf
DataFormat:sfntData
UsesStandardEncoding:yes
isCFF:yes
hasSVG:no
FileLength:176412
FileModTime:1221150868
NameArray:0,Mac,4,Gotham Narrow Bold
NameArray:0,Win,1,Gotham Narrow Bold
NameArray:0,Win,16,Gotham Narrow
%EndFont

%BeginFont
Handler:DirectoryHandler
FontType:Type1
FontName:GothamNarrow-Light
FamilyName:Gotham Narrow
StyleName:Light
MenuName:Gotham Narrow Light
StyleBits:0
WeightClass:300
WidthClass:3
AngleClass:0
FullName:Gotham Narrow Light
WritingScript:Roman
OutlineFileName:\GothamNarrow-Light.otf
DataFormat:sfntData
UsesStandardEncoding:yes
isCFF:yes
hasSVG:no
FileLength:174132
FileModTime:1221150860
NameArray:0,Mac,4,Gotham Narrow Light
NameArray:0,Win,1,Gotham Narrow Light
NameArray:0,Win,16,Gotham Narrow
%EndFont

%BeginFont
Handler:DirectoryHandler
FontType:Type1
FontName:GothamNarrow-Medium
FamilyName:Gotham Narrow
StyleName:Medium
MenuName:Gotham Narrow Medium
StyleBits:0
WeightClass:350
WidthClass:3
AngleClass:0
FullName:Gotham Narrow Medium
WritingScript:Roman
OutlineFileName:\GothamNarrow-Medium.otf
DataFormat:sfntData
UsesStandardEncoding:yes
isCFF:yes
hasSVG:no
FileLength:178648
FileModTime:1221150822
NameArray:0,Mac,4,Gotham Narrow Medium
NameArray:0,Win,1,Gotham Narrow Medium
NameArray:0,Win,16,Gotham Narrow
%EndFont

%BeginFont
Handler:DirectoryHandler
FontType:Type1
FontName:MinionPro-Regular
FamilyName:Minion Pro
StyleName:Regular
MenuName:Minion Pro
StyleBits:0
WeightClass:400
WidthClass:5
AngleClass:0
FullName:Minion Pro
WritingScript:Roman
OutlineFileName:\MinionPro-Regular.otf
DataFormat:sfntData
UsesStandardEncoding:yes
isCFF:yes
hasSVG:no
FileLength:217280
FileModTime:1411063454
DesignSize:110
NameArray:0,Mac,4,Minion Pro
NameArray:0,Win,1,Minion Pro
%EndFont

